{"message":"[object Promise]   SyntaxError: Unexpected token d in JSON at position 0","level":"error"}
{"message":"message:Unexpected token d in JSON at position 0 stack:SyntaxError: Unexpected token d in JSON at position 0\n    at JSON.parse (<anonymous>)\n    at module.exports (c:\\Programing\\git\\Teacher4U-Server\\src\\loaders\\index.js:14:8)\n    at process._tickCallback (internal/process/next_tick.js:68:7)","level":"error"}
{"message":"message:undefined stack:undefined","level":"error"}
{"message":"message:Unexpected token d in JSON at position 0 stack:SyntaxError: Unexpected token d in JSON at position 0\n    at JSON.parse (<anonymous>)\n    at module.exports (c:\\Programing\\git\\Teacher4U-Server\\src\\loaders\\index.js:14:8)\n    at process._tickCallback (internal/process/next_tick.js:68:7)","level":"error"}
{"message":"message:Unexpected token d in JSON at position 0 stack:SyntaxError: Unexpected token d in JSON at position 0\n    at JSON.parse (<anonymous>)\n    at module.exports (c:\\Programing\\git\\Teacher4U-Server\\src\\loaders\\index.js:14:8)\n    at process._tickCallback (internal/process/next_tick.js:68:7)","level":"error"}
{"message":"message:Unexpected token d in JSON at position 0 stack:SyntaxError: Unexpected token d in JSON at position 0\n    at JSON.parse (<anonymous>)\n    at module.exports (c:\\Programing\\git\\Teacher4U-Server\\src\\loaders\\index.js:14:8)\n    at process._tickCallback (internal/process/next_tick.js:68:7)","level":"error"}
{"message":"message:Unexpected token d in JSON at position 0 stack:SyntaxError: Unexpected token d in JSON at position 0\n    at JSON.parse (<anonymous>)\n    at module.exports (c:\\Programing\\git\\Teacher4U-Server\\src\\loaders\\index.js:14:8)\n    at process._tickCallback (internal/process/next_tick.js:68:7)","level":"error"}
{ message:
   'message:Unexpected token d in JSON at position 0 stack:SyntaxError: Unexpected token d in JSON at position 0\n    at JSON.parse (<anonymous>)\n    at module.exports (c:\\Programing\\git\\Teacher4U-Server\\src\\loaders\\index.js:14:8)\n    at process._tickCallback (internal/process/next_tick.js:68:7)',
  level: 'error',
  timestamp: '2019-11-09T02:32:35.339Z' }
{ message:
   'message:ddddddd stack:Error: ddddddd\n    at Object.<anonymous> (c:\\Programing\\git\\Teacher4U-Server\\src\\loaders\\test.js:15:7)\n    at Module._compile (internal/modules/cjs/loader.js:701:30)\n    at Object.Module._extensions..js (internal/modules/cjs/loader.js:712:10)\n    at Module.load (internal/modules/cjs/loader.js:600:32)\n    at tryModuleLoad (internal/modules/cjs/loader.js:539:12)\n    at Function.Module._load (internal/modules/cjs/loader.js:531:3)\n    at Function.Module.runMain (internal/modules/cjs/loader.js:754:12)\n    at startup (internal/bootstrap/node.js:283:19)\n    at bootstrapNodeJSCore (internal/bootstrap/node.js:622:3)',
  level: 'error',
  timestamp: '2019-11-09T04:35:17.943Z' }
{ message: 'message:undefined stack:undefined',
  level: 'error',
  timestamp: '2019-11-09T04:36:24.009Z' }
{ message: 'message:undefined stack:undefined',
  level: 'error',
  timestamp: '2019-11-09T04:36:43.217Z' }
{ message: 'message:undefined stack:undefined',
  level: 'error',
  timestamp: '2019-11-09T04:37:06.181Z' }
{ message: 'message:undefined stack:undefined',
  level: 'error',
  timestamp: '2019-11-09T04:37:22.448Z' }
{ message: 'message:undefined stack:undefined',
  level: 'error',
  timestamp: '2019-11-09T04:38:28.853Z' }
{ message: 'message:undefined stack:undefined',
  level: 'error',
  timestamp: '2019-11-09T04:39:04.435Z' }
{ message: 'message:undefined stack:undefined',
  level: 'error',
  timestamp: '2019-11-09T04:39:25.828Z' }
{ message: 'message:undefined stack:undefined',
  level: 'error',
  timestamp: '2019-11-09T04:39:43.959Z' }
{ message: 'message:errro1111111111r stack:undefined',
  level: 'error',
  timestamp: '2019-11-09T04:40:02.135Z' }
{ message: 'message:errro1111111111r stack:null',
  level: 'error',
  timestamp: '2019-11-09T04:40:35.920Z' }
{ message:
   'message:require(...) is not a function stack:TypeError: require(...) is not a function\n    at module.exports (c:\\Programing\\git\\Teacher4U-Server\\src\\loaders\\index.js:13:23)\n    at process._tickCallback (internal/process/next_tick.js:68:7)',
  level: 'error',
  timestamp: '2019-11-09T04:41:20.785Z' }
{ message:
   'message:require(...) is not a function stack:TypeError: require(...) is not a function\n    at module.exports (c:\\Programing\\git\\Teacher4U-Server\\src\\loaders\\index.js:13:23)\n    at process._tickCallback (internal/process/next_tick.js:68:7)',
  level: 'error',
  timestamp: '2019-11-09T04:51:17.286Z' }
{ message:
   'message:require(...) is not a function stack:TypeError: require(...) is not a function\n    at module.exports (c:\\Programing\\git\\Teacher4U-Server\\src\\loaders\\index.js:13:23)\n    at process._tickCallback (internal/process/next_tick.js:68:7)',
  level: 'error',
  timestamp: '2019-11-09T04:51:42.269Z' }
{ message:
   'message:require(...) is not a function stack:TypeError: require(...) is not a function\n    at module.exports (c:\\Programing\\git\\Teacher4U-Server\\src\\loaders\\index.js:13:23)\n    at process._tickCallback (internal/process/next_tick.js:68:7)',
  level: 'error',
  timestamp: '2019-11-09T04:51:59.769Z' }
{ message:
   'message:require(...) is not a function stack:TypeError: require(...) is not a function\n    at module.exports (c:\\Programing\\git\\Teacher4U-Server\\src\\loaders\\index.js:13:23)\n    at process._tickCallback (internal/process/next_tick.js:68:7)',
  level: 'error',
  timestamp: '2019-11-09T04:52:25.904Z' }
{ message:
   'message:require(...) is not a function stack:TypeError: require(...) is not a function\n    at module.exports (c:\\Programing\\git\\Teacher4U-Server\\src\\loaders\\index.js:13:23)\n    at process._tickCallback (internal/process/next_tick.js:68:7)',
  level: 'error',
  timestamp: '2019-11-09T04:52:33.856Z' }
{ message:
   'message:require(...) is not a function stack:TypeError: require(...) is not a function\n    at module.exports (c:\\Programing\\git\\Teacher4U-Server\\src\\loaders\\index.js:13:23)\n    at process._tickCallback (internal/process/next_tick.js:68:7)',
  level: 'error',
  timestamp: '2019-11-09T04:52:45.498Z' }
{ message:
   'message:require(...) is not a function stack:TypeError: require(...) is not a function\n    at module.exports (c:\\Programing\\git\\Teacher4U-Server\\src\\loaders\\index.js:13:23)\n    at process._tickCallback (internal/process/next_tick.js:68:7)',
  level: 'error',
  timestamp: '2019-11-09T04:52:55.346Z' }
{ message:
   'message:require(...) is not a function stack:TypeError: require(...) is not a function\n    at module.exports (c:\\Programing\\git\\Teacher4U-Server\\src\\loaders\\index.js:13:23)\n    at process._tickCallback (internal/process/next_tick.js:68:7)',
  level: 'error',
  timestamp: '2019-11-09T04:54:37.347Z' }
{ message:
   'message:require(...) is not a function stack:TypeError: require(...) is not a function\n    at module.exports (c:\\Programing\\git\\Teacher4U-Server\\src\\loaders\\index.js:13:23)\n    at process._tickCallback (internal/process/next_tick.js:68:7)',
  level: 'error',
  timestamp: '2019-11-09T04:54:58.461Z' }
{ message:
   'message:require(...) is not a function stack:TypeError: require(...) is not a function\n    at module.exports (c:\\Programing\\git\\Teacher4U-Server\\src\\loaders\\index.js:13:23)\n    at process._tickCallback (internal/process/next_tick.js:68:7)',
  level: 'error',
  timestamp: '2019-11-09T04:56:53.075Z' }
{ message:
   'message:require(...) is not a function stack:TypeError: require(...) is not a function\n    at module.exports (c:\\Programing\\git\\Teacher4U-Server\\src\\loaders\\index.js:13:23)\n    at process._tickCallback (internal/process/next_tick.js:68:7)',
  level: 'error',
  timestamp: '2019-11-09T05:11:05.099Z' }
{ message:
   'message:require(...) is not a function stack:TypeError: require(...) is not a function\n    at module.exports (c:\\Programing\\git\\Teacher4U-Server\\src\\loaders\\index.js:13:23)\n    at process._tickCallback (internal/process/next_tick.js:68:7)',
  level: 'error',
  timestamp: '2019-11-09T05:13:33.371Z' }
{ message:
   'message:require(...) is not a function stack:TypeError: require(...) is not a function\n    at module.exports (c:\\Programing\\git\\Teacher4U-Server\\src\\loaders\\index.js:13:23)\n    at process._tickCallback (internal/process/next_tick.js:68:7)',
  level: 'error',
  timestamp: '2019-11-09T05:14:47.790Z' }
{ message:
   'message:Customer is not defined stack:ReferenceError: Customer is not defined\n    at router.post (c:\\Programing\\git\\Teacher4U-Server\\src\\api\\routes\\registration.js:6:17)\n    at Layer.handle [as handle_request] (c:\\Programing\\git\\Teacher4U-Server\\node_modules\\express\\lib\\router\\layer.js:95:5)\n    at next (c:\\Programing\\git\\Teacher4U-Server\\node_modules\\express\\lib\\router\\route.js:137:13)\n    at Route.dispatch (c:\\Programing\\git\\Teacher4U-Server\\node_modules\\express\\lib\\router\\route.js:112:3)\n    at Layer.handle [as handle_request] (c:\\Programing\\git\\Teacher4U-Server\\node_modules\\express\\lib\\router\\layer.js:95:5)\n    at c:\\Programing\\git\\Teacher4U-Server\\node_modules\\express\\lib\\router\\index.js:281:22\n    at Function.process_params (c:\\Programing\\git\\Teacher4U-Server\\node_modules\\express\\lib\\router\\index.js:335:12)\n    at next (c:\\Programing\\git\\Teacher4U-Server\\node_modules\\express\\lib\\router\\index.js:275:10)\n    at Function.handle (c:\\Programing\\git\\Teacher4U-Server\\node_modules\\express\\lib\\router\\index.js:174:3)\n    at router (c:\\Programing\\git\\Teacher4U-Server\\node_modules\\express\\lib\\router\\index.js:47:12)\n    at Layer.handle [as handle_request] (c:\\Programing\\git\\Teacher4U-Server\\node_modules\\express\\lib\\router\\layer.js:95:5)\n    at trim_prefix (c:\\Programing\\git\\Teacher4U-Server\\node_modules\\express\\lib\\router\\index.js:317:13)\n    at c:\\Programing\\git\\Teacher4U-Server\\node_modules\\express\\lib\\router\\index.js:284:7\n    at Function.process_params (c:\\Programing\\git\\Teacher4U-Server\\node_modules\\express\\lib\\router\\index.js:335:12)\n    at next (c:\\Programing\\git\\Teacher4U-Server\\node_modules\\express\\lib\\router\\index.js:275:10)\n    at c:\\Programing\\git\\Teacher4U-Server\\node_modules\\express\\lib\\router\\index.js:635:15',
  level: 'error',
  timestamp: '2019-11-09T10:29:26.052Z' }
{ message:
   'message:Customer is not defined stack:ReferenceError: Customer is not defined\n    at router.post (c:\\Programing\\git\\Teacher4U-Server\\src\\api\\routes\\registration.js:6:17)\n    at Layer.handle [as handle_request] (c:\\Programing\\git\\Teacher4U-Server\\node_modules\\express\\lib\\router\\layer.js:95:5)\n    at next (c:\\Programing\\git\\Teacher4U-Server\\node_modules\\express\\lib\\router\\route.js:137:13)\n    at Route.dispatch (c:\\Programing\\git\\Teacher4U-Server\\node_modules\\express\\lib\\router\\route.js:112:3)\n    at Layer.handle [as handle_request] (c:\\Programing\\git\\Teacher4U-Server\\node_modules\\express\\lib\\router\\layer.js:95:5)\n    at c:\\Programing\\git\\Teacher4U-Server\\node_modules\\express\\lib\\router\\index.js:281:22\n    at Function.process_params (c:\\Programing\\git\\Teacher4U-Server\\node_modules\\express\\lib\\router\\index.js:335:12)\n    at next (c:\\Programing\\git\\Teacher4U-Server\\node_modules\\express\\lib\\router\\index.js:275:10)\n    at Function.handle (c:\\Programing\\git\\Teacher4U-Server\\node_modules\\express\\lib\\router\\index.js:174:3)\n    at router (c:\\Programing\\git\\Teacher4U-Server\\node_modules\\express\\lib\\router\\index.js:47:12)\n    at Layer.handle [as handle_request] (c:\\Programing\\git\\Teacher4U-Server\\node_modules\\express\\lib\\router\\layer.js:95:5)\n    at trim_prefix (c:\\Programing\\git\\Teacher4U-Server\\node_modules\\express\\lib\\router\\index.js:317:13)\n    at c:\\Programing\\git\\Teacher4U-Server\\node_modules\\express\\lib\\router\\index.js:284:7\n    at Function.process_params (c:\\Programing\\git\\Teacher4U-Server\\node_modules\\express\\lib\\router\\index.js:335:12)\n    at next (c:\\Programing\\git\\Teacher4U-Server\\node_modules\\express\\lib\\router\\index.js:275:10)\n    at c:\\Programing\\git\\Teacher4U-Server\\node_modules\\express\\lib\\router\\index.js:635:15',
  level: 'error',
  timestamp: '2019-11-09T10:29:44.505Z' }
{ message:
   'message:Teacher is not a constructor stack:TypeError: Teacher is not a constructor\n    at router.post (c:\\Programing\\git\\Teacher4U-Server\\src\\api\\routes\\registration.js:6:17)\n    at Layer.handle [as handle_request] (c:\\Programing\\git\\Teacher4U-Server\\node_modules\\express\\lib\\router\\layer.js:95:5)\n    at next (c:\\Programing\\git\\Teacher4U-Server\\node_modules\\express\\lib\\router\\route.js:137:13)\n    at Route.dispatch (c:\\Programing\\git\\Teacher4U-Server\\node_modules\\express\\lib\\router\\route.js:112:3)\n    at Layer.handle [as handle_request] (c:\\Programing\\git\\Teacher4U-Server\\node_modules\\express\\lib\\router\\layer.js:95:5)\n    at c:\\Programing\\git\\Teacher4U-Server\\node_modules\\express\\lib\\router\\index.js:281:22\n    at Function.process_params (c:\\Programing\\git\\Teacher4U-Server\\node_modules\\express\\lib\\router\\index.js:335:12)\n    at next (c:\\Programing\\git\\Teacher4U-Server\\node_modules\\express\\lib\\router\\index.js:275:10)\n    at Function.handle (c:\\Programing\\git\\Teacher4U-Server\\node_modules\\express\\lib\\router\\index.js:174:3)\n    at router (c:\\Programing\\git\\Teacher4U-Server\\node_modules\\express\\lib\\router\\index.js:47:12)\n    at Layer.handle [as handle_request] (c:\\Programing\\git\\Teacher4U-Server\\node_modules\\express\\lib\\router\\layer.js:95:5)\n    at trim_prefix (c:\\Programing\\git\\Teacher4U-Server\\node_modules\\express\\lib\\router\\index.js:317:13)\n    at c:\\Programing\\git\\Teacher4U-Server\\node_modules\\express\\lib\\router\\index.js:284:7\n    at Function.process_params (c:\\Programing\\git\\Teacher4U-Server\\node_modules\\express\\lib\\router\\index.js:335:12)\n    at next (c:\\Programing\\git\\Teacher4U-Server\\node_modules\\express\\lib\\router\\index.js:275:10)\n    at c:\\Programing\\git\\Teacher4U-Server\\node_modules\\express\\lib\\router\\index.js:635:15',
  level: 'error',
  timestamp: '2019-11-09T10:31:03.846Z' }
{ message:
   'message:Teacher validation failed: courses: Cast to String failed for value "[ \'math\', \'english\' ]" at path "courses", studyCities: Cast to String failed for value "[ \'Tel-aviv\', \'bat-yam\' ]" at path "studyCities", avaiablesHours: Path `avaiablesHours` is required., gender: Path `gender` is required. stack:ValidationError: Teacher validation failed: courses: Cast to String failed for value "[ \'math\', \'english\' ]" at path "courses", studyCities: Cast to String failed for value "[ \'Tel-aviv\', \'bat-yam\' ]" at path "studyCities", avaiablesHours: Path `avaiablesHours` is required., gender: Path `gender` is required.\n    at new ValidationError (c:\\Programing\\git\\Teacher4U-Server\\node_modules\\mongoose\\lib\\error\\validation.js:31:11)\n    at model.Document.invalidate (c:\\Programing\\git\\Teacher4U-Server\\node_modules\\mongoose\\lib\\document.js:2413:32)\n    at model.$set (c:\\Programing\\git\\Teacher4U-Server\\node_modules\\mongoose\\lib\\document.js:1194:12)\n    at model._handleIndex (c:\\Programing\\git\\Teacher4U-Server\\node_modules\\mongoose\\lib\\document.js:934:14)\n    at model.$set (c:\\Programing\\git\\Teacher4U-Server\\node_modules\\mongoose\\lib\\document.js:878:22)\n    at model.Document (c:\\Programing\\git\\Teacher4U-Server\\node_modules\\mongoose\\lib\\document.js:136:12)\n    at model.Model (c:\\Programing\\git\\Teacher4U-Server\\node_modules\\mongoose\\lib\\model.js:93:12)\n    at new model (c:\\Programing\\git\\Teacher4U-Server\\node_modules\\mongoose\\lib\\model.js:4421:15)\n    at router.post (c:\\Programing\\git\\Teacher4U-Server\\src\\api\\routes\\registration.js:8:17)\n    at Layer.handle [as handle_request] (c:\\Programing\\git\\Teacher4U-Server\\node_modules\\express\\lib\\router\\layer.js:95:5)\n    at next (c:\\Programing\\git\\Teacher4U-Server\\node_modules\\express\\lib\\router\\route.js:137:13)\n    at Route.dispatch (c:\\Programing\\git\\Teacher4U-Server\\node_modules\\express\\lib\\router\\route.js:112:3)\n    at Layer.handle [as handle_request] (c:\\Programing\\git\\Teacher4U-Server\\node_modules\\express\\lib\\router\\layer.js:95:5)\n    at c:\\Programing\\git\\Teacher4U-Server\\node_modules\\express\\lib\\router\\index.js:281:22\n    at Function.process_params (c:\\Programing\\git\\Teacher4U-Server\\node_modules\\express\\lib\\router\\index.js:335:12)\n    at next (c:\\Programing\\git\\Teacher4U-Server\\node_modules\\express\\lib\\router\\index.js:275:10)',
  level: 'error',
  timestamp: '2019-11-09T10:50:55.249Z' }
{ message:
   'message:Teacher validation failed: courses: Cast to String failed for value "[ \'math\', \'english\' ]" at path "courses", studyCities: Cast to String failed for value "[ \'Tel-aviv\', \'bat-yam\' ]" at path "studyCities", avaiablesHours: Path `avaiablesHours` is required., gender: Path `gender` is required. stack:ValidationError: Teacher validation failed: courses: Cast to String failed for value "[ \'math\', \'english\' ]" at path "courses", studyCities: Cast to String failed for value "[ \'Tel-aviv\', \'bat-yam\' ]" at path "studyCities", avaiablesHours: Path `avaiablesHours` is required., gender: Path `gender` is required.\n    at new ValidationError (c:\\Programing\\git\\Teacher4U-Server\\node_modules\\mongoose\\lib\\error\\validation.js:31:11)\n    at model.Document.invalidate (c:\\Programing\\git\\Teacher4U-Server\\node_modules\\mongoose\\lib\\document.js:2413:32)\n    at model.$set (c:\\Programing\\git\\Teacher4U-Server\\node_modules\\mongoose\\lib\\document.js:1194:12)\n    at model._handleIndex (c:\\Programing\\git\\Teacher4U-Server\\node_modules\\mongoose\\lib\\document.js:934:14)\n    at model.$set (c:\\Programing\\git\\Teacher4U-Server\\node_modules\\mongoose\\lib\\document.js:878:22)\n    at model.Document (c:\\Programing\\git\\Teacher4U-Server\\node_modules\\mongoose\\lib\\document.js:136:12)\n    at model.Model (c:\\Programing\\git\\Teacher4U-Server\\node_modules\\mongoose\\lib\\model.js:93:12)\n    at new model (c:\\Programing\\git\\Teacher4U-Server\\node_modules\\mongoose\\lib\\model.js:4421:15)\n    at router.post (c:\\Programing\\git\\Teacher4U-Server\\src\\api\\routes\\registration.js:7:17)\n    at Layer.handle [as handle_request] (c:\\Programing\\git\\Teacher4U-Server\\node_modules\\express\\lib\\router\\layer.js:95:5)\n    at next (c:\\Programing\\git\\Teacher4U-Server\\node_modules\\express\\lib\\router\\route.js:137:13)\n    at Route.dispatch (c:\\Programing\\git\\Teacher4U-Server\\node_modules\\express\\lib\\router\\route.js:112:3)\n    at Layer.handle [as handle_request] (c:\\Programing\\git\\Teacher4U-Server\\node_modules\\express\\lib\\router\\layer.js:95:5)\n    at c:\\Programing\\git\\Teacher4U-Server\\node_modules\\express\\lib\\router\\index.js:281:22\n    at Function.process_params (c:\\Programing\\git\\Teacher4U-Server\\node_modules\\express\\lib\\router\\index.js:335:12)\n    at next (c:\\Programing\\git\\Teacher4U-Server\\node_modules\\express\\lib\\router\\index.js:275:10)',
  level: 'error',
  timestamp: '2019-11-09T11:15:22.456Z' }
{ message:
   'message:Teacher validation failed: studyCities: Cast to String failed for value "[ \'Tel-aviv\', \'bat-yam\' ]" at path "studyCities", avaiablesHours: Path `avaiablesHours` is required., gender: Path `gender` is required. stack:ValidationError: Teacher validation failed: studyCities: Cast to String failed for value "[ \'Tel-aviv\', \'bat-yam\' ]" at path "studyCities", avaiablesHours: Path `avaiablesHours` is required., gender: Path `gender` is required.\n    at new ValidationError (c:\\Programing\\git\\Teacher4U-Server\\node_modules\\mongoose\\lib\\error\\validation.js:31:11)\n    at model.Document.invalidate (c:\\Programing\\git\\Teacher4U-Server\\node_modules\\mongoose\\lib\\document.js:2413:32)\n    at model.$set (c:\\Programing\\git\\Teacher4U-Server\\node_modules\\mongoose\\lib\\document.js:1194:12)\n    at model._handleIndex (c:\\Programing\\git\\Teacher4U-Server\\node_modules\\mongoose\\lib\\document.js:934:14)\n    at model.$set (c:\\Programing\\git\\Teacher4U-Server\\node_modules\\mongoose\\lib\\document.js:878:22)\n    at model.Document (c:\\Programing\\git\\Teacher4U-Server\\node_modules\\mongoose\\lib\\document.js:136:12)\n    at model.Model (c:\\Programing\\git\\Teacher4U-Server\\node_modules\\mongoose\\lib\\model.js:93:12)\n    at new model (c:\\Programing\\git\\Teacher4U-Server\\node_modules\\mongoose\\lib\\model.js:4421:15)\n    at router.post (c:\\Programing\\git\\Teacher4U-Server\\src\\api\\routes\\registration.js:7:17)\n    at Layer.handle [as handle_request] (c:\\Programing\\git\\Teacher4U-Server\\node_modules\\express\\lib\\router\\layer.js:95:5)\n    at next (c:\\Programing\\git\\Teacher4U-Server\\node_modules\\express\\lib\\router\\route.js:137:13)\n    at Route.dispatch (c:\\Programing\\git\\Teacher4U-Server\\node_modules\\express\\lib\\router\\route.js:112:3)\n    at Layer.handle [as handle_request] (c:\\Programing\\git\\Teacher4U-Server\\node_modules\\express\\lib\\router\\layer.js:95:5)\n    at c:\\Programing\\git\\Teacher4U-Server\\node_modules\\express\\lib\\router\\index.js:281:22\n    at Function.process_params (c:\\Programing\\git\\Teacher4U-Server\\node_modules\\express\\lib\\router\\index.js:335:12)\n    at next (c:\\Programing\\git\\Teacher4U-Server\\node_modules\\express\\lib\\router\\index.js:275:10)',
  level: 'error',
  timestamp: '2019-11-09T11:15:42.189Z' }
{ message:
   'message:Teacher validation failed: gender: Path `gender` is required. stack:ValidationError: Teacher validation failed: gender: Path `gender` is required.\n    at new ValidationError (c:\\Programing\\git\\Teacher4U-Server\\node_modules\\mongoose\\lib\\error\\validation.js:31:11)\n    at model.Document.invalidate (c:\\Programing\\git\\Teacher4U-Server\\node_modules\\mongoose\\lib\\document.js:2413:32)\n    at p.doValidate.skipSchemaValidators (c:\\Programing\\git\\Teacher4U-Server\\node_modules\\mongoose\\lib\\document.js:2262:17)\n    at c:\\Programing\\git\\Teacher4U-Server\\node_modules\\mongoose\\lib\\schematype.js:1058:9\n    at process._tickCallback (internal/process/next_tick.js:61:11)',
  level: 'error',
  timestamp: '2019-11-09T11:16:06.668Z' }
{ message:
   'message:Teacher validation failed: gender: `male` is not a valid enum value for path `gender`. stack:ValidationError: Teacher validation failed: gender: `male` is not a valid enum value for path `gender`.\n    at new ValidationError (c:\\Programing\\git\\Teacher4U-Server\\node_modules\\mongoose\\lib\\error\\validation.js:31:11)\n    at model.Document.invalidate (c:\\Programing\\git\\Teacher4U-Server\\node_modules\\mongoose\\lib\\document.js:2413:32)\n    at p.doValidate.skipSchemaValidators (c:\\Programing\\git\\Teacher4U-Server\\node_modules\\mongoose\\lib\\document.js:2262:17)\n    at c:\\Programing\\git\\Teacher4U-Server\\node_modules\\mongoose\\lib\\schematype.js:1058:9\n    at process._tickCallback (internal/process/next_tick.js:61:11)',
  level: 'error',
  timestamp: '2019-11-09T11:28:41.423Z' }
{ message:
   'message:Teacher validation failed: gender: `male` is not a valid enum value for path `gender`. stack:ValidationError: Teacher validation failed: gender: `male` is not a valid enum value for path `gender`.\n    at new ValidationError (c:\\Programing\\git\\Teacher4U-Server\\node_modules\\mongoose\\lib\\error\\validation.js:31:11)\n    at model.Document.invalidate (c:\\Programing\\git\\Teacher4U-Server\\node_modules\\mongoose\\lib\\document.js:2413:32)\n    at p.doValidate.skipSchemaValidators (c:\\Programing\\git\\Teacher4U-Server\\node_modules\\mongoose\\lib\\document.js:2262:17)\n    at c:\\Programing\\git\\Teacher4U-Server\\node_modules\\mongoose\\lib\\schematype.js:1058:9\n    at process._tickCallback (internal/process/next_tick.js:61:11)',
  level: 'error',
  timestamp: '2019-11-09T11:28:56.457Z' }
{ message:
   'message:Teacher validation failed: gender: `male` is not a valid enum value for path `gender`. stack:ValidationError: Teacher validation failed: gender: `male` is not a valid enum value for path `gender`.\n    at new ValidationError (c:\\Programing\\git\\Teacher4U-Server\\node_modules\\mongoose\\lib\\error\\validation.js:31:11)\n    at model.Document.invalidate (c:\\Programing\\git\\Teacher4U-Server\\node_modules\\mongoose\\lib\\document.js:2413:32)\n    at p.doValidate.skipSchemaValidators (c:\\Programing\\git\\Teacher4U-Server\\node_modules\\mongoose\\lib\\document.js:2262:17)\n    at c:\\Programing\\git\\Teacher4U-Server\\node_modules\\mongoose\\lib\\schematype.js:1058:9\n    at process._tickCallback (internal/process/next_tick.js:61:11)',
  level: 'error',
  timestamp: '2019-11-09T11:30:02.069Z' }
{ message:
   'message:Teacher validation failed: gender: `male` is not a valid enum value for path `gender`. stack:ValidationError: Teacher validation failed: gender: `male` is not a valid enum value for path `gender`.\n    at new ValidationError (c:\\Programing\\git\\Teacher4U-Server\\node_modules\\mongoose\\lib\\error\\validation.js:31:11)\n    at model.Document.invalidate (c:\\Programing\\git\\Teacher4U-Server\\node_modules\\mongoose\\lib\\document.js:2413:32)\n    at p.doValidate.skipSchemaValidators (c:\\Programing\\git\\Teacher4U-Server\\node_modules\\mongoose\\lib\\document.js:2262:17)\n    at c:\\Programing\\git\\Teacher4U-Server\\node_modules\\mongoose\\lib\\schematype.js:1058:9\n    at process._tickCallback (internal/process/next_tick.js:61:11)',
  level: 'error',
  timestamp: '2019-11-09T11:30:07.164Z' }
{ message:
   'message:Teacher validation failed: gender: `male` is not a valid enum value for path `gender`. stack:ValidationError: Teacher validation failed: gender: `male` is not a valid enum value for path `gender`.\n    at new ValidationError (c:\\Programing\\git\\Teacher4U-Server\\node_modules\\mongoose\\lib\\error\\validation.js:31:11)\n    at model.Document.invalidate (c:\\Programing\\git\\Teacher4U-Server\\node_modules\\mongoose\\lib\\document.js:2413:32)\n    at p.doValidate.skipSchemaValidators (c:\\Programing\\git\\Teacher4U-Server\\node_modules\\mongoose\\lib\\document.js:2262:17)\n    at c:\\Programing\\git\\Teacher4U-Server\\node_modules\\mongoose\\lib\\schematype.js:1058:9\n    at process._tickCallback (internal/process/next_tick.js:61:11)',
  level: 'error',
  timestamp: '2019-11-09T11:32:10.472Z' }
{ message:
   'message:Teacher validation failed: gender: `male` is not a valid enum value for path `gender`. stack:ValidationError: Teacher validation failed: gender: `male` is not a valid enum value for path `gender`.\n    at new ValidationError (c:\\Programing\\git\\Teacher4U-Server\\node_modules\\mongoose\\lib\\error\\validation.js:31:11)\n    at model.Document.invalidate (c:\\Programing\\git\\Teacher4U-Server\\node_modules\\mongoose\\lib\\document.js:2413:32)\n    at p.doValidate.skipSchemaValidators (c:\\Programing\\git\\Teacher4U-Server\\node_modules\\mongoose\\lib\\document.js:2262:17)\n    at c:\\Programing\\git\\Teacher4U-Server\\node_modules\\mongoose\\lib\\schematype.js:1058:9\n    at process._tickCallback (internal/process/next_tick.js:61:11)',
  level: 'error',
  timestamp: '2019-11-09T11:32:29.672Z' }
{ message:
   'message:Teacher validation failed: gender: `male` is not a valid enum value for path `gender`. stack:ValidationError: Teacher validation failed: gender: `male` is not a valid enum value for path `gender`.\n    at new ValidationError (c:\\Programing\\git\\Teacher4U-Server\\node_modules\\mongoose\\lib\\error\\validation.js:31:11)\n    at model.Document.invalidate (c:\\Programing\\git\\Teacher4U-Server\\node_modules\\mongoose\\lib\\document.js:2413:32)\n    at p.doValidate.skipSchemaValidators (c:\\Programing\\git\\Teacher4U-Server\\node_modules\\mongoose\\lib\\document.js:2262:17)\n    at c:\\Programing\\git\\Teacher4U-Server\\node_modules\\mongoose\\lib\\schematype.js:1058:9\n    at process._tickCallback (internal/process/next_tick.js:61:11)',
  level: 'error',
  timestamp: '2019-11-09T11:40:27.560Z' }
{ message:
   'message:new erro stack:Error: new erro\n    at router.post (c:\\Programing\\git\\Teacher4U-Server\\src\\api\\routes\\registration.js:7:9)\n    at Layer.handle [as handle_request] (c:\\Programing\\git\\Teacher4U-Server\\node_modules\\express\\lib\\router\\layer.js:95:5)\n    at next (c:\\Programing\\git\\Teacher4U-Server\\node_modules\\express\\lib\\router\\route.js:137:13)\n    at Route.dispatch (c:\\Programing\\git\\Teacher4U-Server\\node_modules\\express\\lib\\router\\route.js:112:3)\n    at Layer.handle [as handle_request] (c:\\Programing\\git\\Teacher4U-Server\\node_modules\\express\\lib\\router\\layer.js:95:5)\n    at c:\\Programing\\git\\Teacher4U-Server\\node_modules\\express\\lib\\router\\index.js:281:22\n    at Function.process_params (c:\\Programing\\git\\Teacher4U-Server\\node_modules\\express\\lib\\router\\index.js:335:12)\n    at next (c:\\Programing\\git\\Teacher4U-Server\\node_modules\\express\\lib\\router\\index.js:275:10)\n    at Function.handle (c:\\Programing\\git\\Teacher4U-Server\\node_modules\\express\\lib\\router\\index.js:174:3)\n    at router (c:\\Programing\\git\\Teacher4U-Server\\node_modules\\express\\lib\\router\\index.js:47:12)\n    at Layer.handle [as handle_request] (c:\\Programing\\git\\Teacher4U-Server\\node_modules\\express\\lib\\router\\layer.js:95:5)\n    at trim_prefix (c:\\Programing\\git\\Teacher4U-Server\\node_modules\\express\\lib\\router\\index.js:317:13)\n    at c:\\Programing\\git\\Teacher4U-Server\\node_modules\\express\\lib\\router\\index.js:284:7\n    at Function.process_params (c:\\Programing\\git\\Teacher4U-Server\\node_modules\\express\\lib\\router\\index.js:335:12)\n    at next (c:\\Programing\\git\\Teacher4U-Server\\node_modules\\express\\lib\\router\\index.js:275:10)\n    at c:\\Programing\\git\\Teacher4U-Server\\node_modules\\express\\lib\\router\\index.js:635:15',
  level: 'error',
  timestamp: '2019-11-09T13:05:48.070Z' }
{ message:
   'message:new erro stack:Error: new erro\n    at router.post (c:\\Programing\\git\\Teacher4U-Server\\src\\api\\routes\\registration.js:7:9)\n    at Layer.handle [as handle_request] (c:\\Programing\\git\\Teacher4U-Server\\node_modules\\express\\lib\\router\\layer.js:95:5)\n    at next (c:\\Programing\\git\\Teacher4U-Server\\node_modules\\express\\lib\\router\\route.js:137:13)\n    at Route.dispatch (c:\\Programing\\git\\Teacher4U-Server\\node_modules\\express\\lib\\router\\route.js:112:3)\n    at Layer.handle [as handle_request] (c:\\Programing\\git\\Teacher4U-Server\\node_modules\\express\\lib\\router\\layer.js:95:5)\n    at c:\\Programing\\git\\Teacher4U-Server\\node_modules\\express\\lib\\router\\index.js:281:22\n    at Function.process_params (c:\\Programing\\git\\Teacher4U-Server\\node_modules\\express\\lib\\router\\index.js:335:12)\n    at next (c:\\Programing\\git\\Teacher4U-Server\\node_modules\\express\\lib\\router\\index.js:275:10)\n    at Function.handle (c:\\Programing\\git\\Teacher4U-Server\\node_modules\\express\\lib\\router\\index.js:174:3)\n    at router (c:\\Programing\\git\\Teacher4U-Server\\node_modules\\express\\lib\\router\\index.js:47:12)\n    at Layer.handle [as handle_request] (c:\\Programing\\git\\Teacher4U-Server\\node_modules\\express\\lib\\router\\layer.js:95:5)\n    at trim_prefix (c:\\Programing\\git\\Teacher4U-Server\\node_modules\\express\\lib\\router\\index.js:317:13)\n    at c:\\Programing\\git\\Teacher4U-Server\\node_modules\\express\\lib\\router\\index.js:284:7\n    at Function.process_params (c:\\Programing\\git\\Teacher4U-Server\\node_modules\\express\\lib\\router\\index.js:335:12)\n    at next (c:\\Programing\\git\\Teacher4U-Server\\node_modules\\express\\lib\\router\\index.js:275:10)\n    at c:\\Programing\\git\\Teacher4U-Server\\node_modules\\express\\lib\\router\\index.js:635:15',
  level: 'error',
  timestamp: '2019-11-09T13:07:19.952Z' }
{ message:
   'message:Teacher validation failed: name: Cast to String failed for value "{ age: 28,\n  email: \'peretz.itay4@gmail.com\',\n  lastname: \'peretz\',\n  name: \'itay\',\n  gender: \'Male\',\n  city: \'ashkelon\',\n  phone: \'0547107691\',\n  pic: \'https://testpic.png\',\n  courses: [ \'math\', \'english\' ],\n  studyCities: [ \'Tel-aviv\', \'bat-yam\' ],\n  university: \'kyrya lehandesaim\',\n  generalDescription: \'hey i am itay from ashkelon\',\n  priceAtStudent: 100,\n  price: 70,\n  availablesDays: [ \'sunday\', \'monday\' ],\n  avaiablesHours: [ 10, 11, 12, 13, 14, 15, 16, 17, 18, 19 ],\n  rating: 5 }" at path "name", rating: Path `rating` is required., avaiablesHours: Path `avaiablesHours` is required., availablesDays: Path `availablesDays` is required., price: Path `price` is required., priceAtStudent: Path `priceAtStudent` is required., generalDescription: Path `generalDescription` is required., university: Path `university` is required., studyCities: Path `studyCities` is required., courses: Path `courses` is required., pic: Path `pic` is required., lastname: Path `lastname` is required., email: Path `email` is required., age: Path `age` is required., gender: Path `gender` is required., city: Path `city` is required., phone: Path `phone` is required. stack:ValidationError: Teacher validation failed: name: Cast to String failed for value "{ age: 28,\n  email: \'peretz.itay4@gmail.com\',\n  lastname: \'peretz\',\n  name: \'itay\',\n  gender: \'Male\',\n  city: \'ashkelon\',\n  phone: \'0547107691\',\n  pic: \'https://testpic.png\',\n  courses: [ \'math\', \'english\' ],\n  studyCities: [ \'Tel-aviv\', \'bat-yam\' ],\n  university: \'kyrya lehandesaim\',\n  generalDescription: \'hey i am itay from ashkelon\',\n  priceAtStudent: 100,\n  price: 70,\n  availablesDays: [ \'sunday\', \'monday\' ],\n  avaiablesHours: [ 10, 11, 12, 13, 14, 15, 16, 17, 18, 19 ],\n  rating: 5 }" at path "name", rating: Path `rating` is required., avaiablesHours: Path `avaiablesHours` is required., availablesDays: Path `availablesDays` is required., price: Path `price` is required., priceAtStudent: Path `priceAtStudent` is required., generalDescription: Path `generalDescription` is required., university: Path `university` is required., studyCities: Path `studyCities` is required., courses: Path `courses` is required., pic: Path `pic` is required., lastname: Path `lastname` is required., email: Path `email` is required., age: Path `age` is required., gender: Path `gender` is required., city: Path `city` is required., phone: Path `phone` is required.\n    at new ValidationError (C:\\Programing\\git\\Teacher4U-Server\\node_modules\\mongoose\\lib\\error\\validation.js:31:11)\n    at model.Document.invalidate (C:\\Programing\\git\\Teacher4U-Server\\node_modules\\mongoose\\lib\\document.js:2413:32)\n    at model.$set (C:\\Programing\\git\\Teacher4U-Server\\node_modules\\mongoose\\lib\\document.js:1194:12)\n    at model._handleIndex (C:\\Programing\\git\\Teacher4U-Server\\node_modules\\mongoose\\lib\\document.js:934:14)\n    at model.$set (C:\\Programing\\git\\Teacher4U-Server\\node_modules\\mongoose\\lib\\document.js:878:22)\n    at model.Document (C:\\Programing\\git\\Teacher4U-Server\\node_modules\\mongoose\\lib\\document.js:136:12)\n    at model.Model (C:\\Programing\\git\\Teacher4U-Server\\node_modules\\mongoose\\lib\\model.js:93:12)\n    at new model (C:\\Programing\\git\\Teacher4U-Server\\node_modules\\mongoose\\lib\\model.js:4421:15)\n    at Teacher.saveAsTeacher (C:\\Programing\\git\\Teacher4U-Server\\src\\services\\Teacher.js:39:21)\n    at router.get (C:\\Programing\\git\\Teacher4U-Server\\src\\api\\routes\\registration.js:11:28)\n    at newFn (C:\\Programing\\git\\Teacher4U-Server\\node_modules\\express-async-errors\\index.js:16:20)\n    at Layer.handle [as handle_request] (C:\\Programing\\git\\Teacher4U-Server\\node_modules\\express\\lib\\router\\layer.js:95:5)\n    at next (C:\\Programing\\git\\Teacher4U-Server\\node_modules\\express\\lib\\router\\route.js:137:13)\n    at Route.dispatch (C:\\Programing\\git\\Teacher4U-Server\\node_modules\\express\\lib\\router\\route.js:112:3)\n    at newFn (C:\\Programing\\git\\Teacher4U-Server\\node_modules\\express-async-errors\\index.js:16:20)\n    at Layer.handle [as handle_request] (C:\\Programing\\git\\Teacher4U-Server\\node_modules\\express\\lib\\router\\layer.js:95:5)',
  level: 'error',
  timestamp: '2019-11-10T23:24:34.609Z' }
{ message:
   'message:Teacher validation failed: name: Cast to String failed for value "{ age: 28,\n  email: \'peretz.itay4@gmail.com\',\n  lastname: \'peretz\',\n  name: \'itay\',\n  gender: \'Male\',\n  city: \'ashkelon\',\n  phone: \'0547107691\',\n  pic: \'https://testpic.png\',\n  courses: [ \'math\', \'english\' ],\n  studyCities: [ \'Tel-aviv\', \'bat-yam\' ],\n  university: \'kyrya lehandesaim\',\n  generalDescription: \'hey i am itay from ashkelon\',\n  priceAtStudent: 100,\n  price: 70,\n  availablesDays: [ \'sunday\', \'monday\' ],\n  avaiablesHours: [ 10, 11, 12, 13, 14, 15, 16, 17, 18, 19 ],\n  rating: 5 }" at path "name", rating: Path `rating` is required., avaiablesHours: Path `avaiablesHours` is required., availablesDays: Path `availablesDays` is required., price: Path `price` is required., priceAtStudent: Path `priceAtStudent` is required., generalDescription: Path `generalDescription` is required., university: Path `university` is required., studyCities: Path `studyCities` is required., courses: Path `courses` is required., pic: Path `pic` is required., lastname: Path `lastname` is required., email: Path `email` is required., age: Path `age` is required., gender: Path `gender` is required., city: Path `city` is required., phone: Path `phone` is required. stack:ValidationError: Teacher validation failed: name: Cast to String failed for value "{ age: 28,\n  email: \'peretz.itay4@gmail.com\',\n  lastname: \'peretz\',\n  name: \'itay\',\n  gender: \'Male\',\n  city: \'ashkelon\',\n  phone: \'0547107691\',\n  pic: \'https://testpic.png\',\n  courses: [ \'math\', \'english\' ],\n  studyCities: [ \'Tel-aviv\', \'bat-yam\' ],\n  university: \'kyrya lehandesaim\',\n  generalDescription: \'hey i am itay from ashkelon\',\n  priceAtStudent: 100,\n  price: 70,\n  availablesDays: [ \'sunday\', \'monday\' ],\n  avaiablesHours: [ 10, 11, 12, 13, 14, 15, 16, 17, 18, 19 ],\n  rating: 5 }" at path "name", rating: Path `rating` is required., avaiablesHours: Path `avaiablesHours` is required., availablesDays: Path `availablesDays` is required., price: Path `price` is required., priceAtStudent: Path `priceAtStudent` is required., generalDescription: Path `generalDescription` is required., university: Path `university` is required., studyCities: Path `studyCities` is required., courses: Path `courses` is required., pic: Path `pic` is required., lastname: Path `lastname` is required., email: Path `email` is required., age: Path `age` is required., gender: Path `gender` is required., city: Path `city` is required., phone: Path `phone` is required.\n    at new ValidationError (C:\\Programing\\git\\Teacher4U-Server\\node_modules\\mongoose\\lib\\error\\validation.js:31:11)\n    at model.Document.invalidate (C:\\Programing\\git\\Teacher4U-Server\\node_modules\\mongoose\\lib\\document.js:2413:32)\n    at model.$set (C:\\Programing\\git\\Teacher4U-Server\\node_modules\\mongoose\\lib\\document.js:1194:12)\n    at model._handleIndex (C:\\Programing\\git\\Teacher4U-Server\\node_modules\\mongoose\\lib\\document.js:934:14)\n    at model.$set (C:\\Programing\\git\\Teacher4U-Server\\node_modules\\mongoose\\lib\\document.js:878:22)\n    at model.Document (C:\\Programing\\git\\Teacher4U-Server\\node_modules\\mongoose\\lib\\document.js:136:12)\n    at model.Model (C:\\Programing\\git\\Teacher4U-Server\\node_modules\\mongoose\\lib\\model.js:93:12)\n    at new model (C:\\Programing\\git\\Teacher4U-Server\\node_modules\\mongoose\\lib\\model.js:4421:15)\n    at Teacher.saveAsTeacher (C:\\Programing\\git\\Teacher4U-Server\\src\\services\\Teacher.js:40:21)\n    at router.get (C:\\Programing\\git\\Teacher4U-Server\\src\\api\\routes\\registration.js:11:28)\n    at newFn (C:\\Programing\\git\\Teacher4U-Server\\node_modules\\express-async-errors\\index.js:16:20)\n    at Layer.handle [as handle_request] (C:\\Programing\\git\\Teacher4U-Server\\node_modules\\express\\lib\\router\\layer.js:95:5)\n    at next (C:\\Programing\\git\\Teacher4U-Server\\node_modules\\express\\lib\\router\\route.js:137:13)\n    at Route.dispatch (C:\\Programing\\git\\Teacher4U-Server\\node_modules\\express\\lib\\router\\route.js:112:3)\n    at newFn (C:\\Programing\\git\\Teacher4U-Server\\node_modules\\express-async-errors\\index.js:16:20)\n    at Layer.handle [as handle_request] (C:\\Programing\\git\\Teacher4U-Server\\node_modules\\express\\lib\\router\\layer.js:95:5)',
  level: 'error',
  timestamp: '2019-11-10T23:25:37.626Z' }
{ message:
   'message:Teacher validation failed: name: Cast to String failed for value "{ age: 28,\n  email: \'peretz.itay4@gmail.com\',\n  lastname: \'peretz\',\n  name: \'itay\',\n  gender: \'Male\',\n  city: \'ashkelon\',\n  phone: \'0547107691\',\n  pic: \'https://testpic.png\',\n  courses: [ \'math\', \'english\' ],\n  studyCities: [ \'Tel-aviv\', \'bat-yam\' ],\n  university: \'kyrya lehandesaim\',\n  generalDescription: \'hey i am itay from ashkelon\',\n  priceAtStudent: 100,\n  price: 70,\n  availablesDays: [ \'sunday\', \'monday\' ],\n  avaiablesHours: [ 10, 11, 12, 13, 14, 15, 16, 17, 18, 19 ],\n  rating: 5 }" at path "name", lastname: Path `lastname` is required., email: Path `email` is required., age: Path `age` is required., gender: Path `gender` is required., city: Path `city` is required., phone: Path `phone` is required., pic: Path `pic` is required., courses: Path `courses` is required., studyCities: Path `studyCities` is required., university: Path `university` is required., generalDescription: Path `generalDescription` is required., priceAtStudent: Path `priceAtStudent` is required., price: Path `price` is required., availablesDays: Path `availablesDays` is required., avaiablesHours: Path `avaiablesHours` is required., rating: Path `rating` is required. stack:ValidationError: Teacher validation failed: name: Cast to String failed for value "{ age: 28,\n  email: \'peretz.itay4@gmail.com\',\n  lastname: \'peretz\',\n  name: \'itay\',\n  gender: \'Male\',\n  city: \'ashkelon\',\n  phone: \'0547107691\',\n  pic: \'https://testpic.png\',\n  courses: [ \'math\', \'english\' ],\n  studyCities: [ \'Tel-aviv\', \'bat-yam\' ],\n  university: \'kyrya lehandesaim\',\n  generalDescription: \'hey i am itay from ashkelon\',\n  priceAtStudent: 100,\n  price: 70,\n  availablesDays: [ \'sunday\', \'monday\' ],\n  avaiablesHours: [ 10, 11, 12, 13, 14, 15, 16, 17, 18, 19 ],\n  rating: 5 }" at path "name", lastname: Path `lastname` is required., email: Path `email` is required., age: Path `age` is required., gender: Path `gender` is required., city: Path `city` is required., phone: Path `phone` is required., pic: Path `pic` is required., courses: Path `courses` is required., studyCities: Path `studyCities` is required., university: Path `university` is required., generalDescription: Path `generalDescription` is required., priceAtStudent: Path `priceAtStudent` is required., price: Path `price` is required., availablesDays: Path `availablesDays` is required., avaiablesHours: Path `avaiablesHours` is required., rating: Path `rating` is required.\n    at new ValidationError (C:\\Programing\\git\\Teacher4U-Server\\node_modules\\mongoose\\lib\\error\\validation.js:31:11)\n    at model.Document.invalidate (C:\\Programing\\git\\Teacher4U-Server\\node_modules\\mongoose\\lib\\document.js:2413:32)\n    at model.$set (C:\\Programing\\git\\Teacher4U-Server\\node_modules\\mongoose\\lib\\document.js:1194:12)\n    at model._handleIndex (C:\\Programing\\git\\Teacher4U-Server\\node_modules\\mongoose\\lib\\document.js:934:14)\n    at model.$set (C:\\Programing\\git\\Teacher4U-Server\\node_modules\\mongoose\\lib\\document.js:878:22)\n    at model.Document (C:\\Programing\\git\\Teacher4U-Server\\node_modules\\mongoose\\lib\\document.js:136:12)\n    at model.Model (C:\\Programing\\git\\Teacher4U-Server\\node_modules\\mongoose\\lib\\model.js:93:12)\n    at new model (C:\\Programing\\git\\Teacher4U-Server\\node_modules\\mongoose\\lib\\model.js:4421:15)\n    at Teacher.saveAsTeacher (C:\\Programing\\git\\Teacher4U-Server\\src\\services\\Teacher.js:40:21)\n    at router.get (C:\\Programing\\git\\Teacher4U-Server\\src\\api\\routes\\registration.js:11:28)\n    at newFn (C:\\Programing\\git\\Teacher4U-Server\\node_modules\\express-async-errors\\index.js:16:20)\n    at Layer.handle [as handle_request] (C:\\Programing\\git\\Teacher4U-Server\\node_modules\\express\\lib\\router\\layer.js:95:5)\n    at next (C:\\Programing\\git\\Teacher4U-Server\\node_modules\\express\\lib\\router\\route.js:137:13)\n    at Route.dispatch (C:\\Programing\\git\\Teacher4U-Server\\node_modules\\express\\lib\\router\\route.js:112:3)\n    at newFn (C:\\Programing\\git\\Teacher4U-Server\\node_modules\\express-async-errors\\index.js:16:20)\n    at Layer.handle [as handle_request] (C:\\Programing\\git\\Teacher4U-Server\\node_modules\\express\\lib\\router\\layer.js:95:5)',
  level: 'error',
  timestamp: '2019-11-10T23:28:37.115Z' }
{ message:
   'message:Teacher validation failed: name: Cast to String failed for value "{ age: 28,\n  email: \'peretz.itay4@gmail.com\',\n  lastname: \'peretz\',\n  name: \'itay\',\n  gender: \'Male\',\n  city: \'ashkelon\',\n  phone: \'0547107691\',\n  pic: \'https://testpic.png\',\n  courses: [ \'math\', \'english\' ],\n  studyCities: [ \'Tel-aviv\', \'bat-yam\' ],\n  university: \'kyrya lehandesaim\',\n  generalDescription: \'hey i am itay from ashkelon\',\n  priceAtStudent: 100,\n  price: 70,\n  availablesDays: [ \'sunday\', \'monday\' ],\n  avaiablesHours: [ 10, 11, 12, 13, 14, 15, 16, 17, 18, 19 ],\n  rating: 5 }" at path "name", lastname: Path `lastname` is required., email: Path `email` is required., age: Path `age` is required., gender: Path `gender` is required., city: Path `city` is required., phone: Path `phone` is required., pic: Path `pic` is required., courses: Path `courses` is required., studyCities: Path `studyCities` is required., university: Path `university` is required., generalDescription: Path `generalDescription` is required., priceAtStudent: Path `priceAtStudent` is required., price: Path `price` is required., availablesDays: Path `availablesDays` is required., avaiablesHours: Path `avaiablesHours` is required., rating: Path `rating` is required. stack:ValidationError: Teacher validation failed: name: Cast to String failed for value "{ age: 28,\n  email: \'peretz.itay4@gmail.com\',\n  lastname: \'peretz\',\n  name: \'itay\',\n  gender: \'Male\',\n  city: \'ashkelon\',\n  phone: \'0547107691\',\n  pic: \'https://testpic.png\',\n  courses: [ \'math\', \'english\' ],\n  studyCities: [ \'Tel-aviv\', \'bat-yam\' ],\n  university: \'kyrya lehandesaim\',\n  generalDescription: \'hey i am itay from ashkelon\',\n  priceAtStudent: 100,\n  price: 70,\n  availablesDays: [ \'sunday\', \'monday\' ],\n  avaiablesHours: [ 10, 11, 12, 13, 14, 15, 16, 17, 18, 19 ],\n  rating: 5 }" at path "name", lastname: Path `lastname` is required., email: Path `email` is required., age: Path `age` is required., gender: Path `gender` is required., city: Path `city` is required., phone: Path `phone` is required., pic: Path `pic` is required., courses: Path `courses` is required., studyCities: Path `studyCities` is required., university: Path `university` is required., generalDescription: Path `generalDescription` is required., priceAtStudent: Path `priceAtStudent` is required., price: Path `price` is required., availablesDays: Path `availablesDays` is required., avaiablesHours: Path `avaiablesHours` is required., rating: Path `rating` is required.\n    at new ValidationError (C:\\Programing\\git\\Teacher4U-Server\\node_modules\\mongoose\\lib\\error\\validation.js:31:11)\n    at model.Document.invalidate (C:\\Programing\\git\\Teacher4U-Server\\node_modules\\mongoose\\lib\\document.js:2413:32)\n    at model.$set (C:\\Programing\\git\\Teacher4U-Server\\node_modules\\mongoose\\lib\\document.js:1194:12)\n    at model._handleIndex (C:\\Programing\\git\\Teacher4U-Server\\node_modules\\mongoose\\lib\\document.js:934:14)\n    at model.$set (C:\\Programing\\git\\Teacher4U-Server\\node_modules\\mongoose\\lib\\document.js:878:22)\n    at model.Document (C:\\Programing\\git\\Teacher4U-Server\\node_modules\\mongoose\\lib\\document.js:136:12)\n    at model.Model (C:\\Programing\\git\\Teacher4U-Server\\node_modules\\mongoose\\lib\\model.js:93:12)\n    at new model (C:\\Programing\\git\\Teacher4U-Server\\node_modules\\mongoose\\lib\\model.js:4421:15)\n    at Teacher.saveAsTeacher (C:\\Programing\\git\\Teacher4U-Server\\src\\services\\Teacher.js:40:21)\n    at router.get (C:\\Programing\\git\\Teacher4U-Server\\src\\api\\routes\\registration.js:11:28)\n    at newFn (C:\\Programing\\git\\Teacher4U-Server\\node_modules\\express-async-errors\\index.js:16:20)\n    at Layer.handle [as handle_request] (C:\\Programing\\git\\Teacher4U-Server\\node_modules\\express\\lib\\router\\layer.js:95:5)\n    at next (C:\\Programing\\git\\Teacher4U-Server\\node_modules\\express\\lib\\router\\route.js:137:13)\n    at Route.dispatch (C:\\Programing\\git\\Teacher4U-Server\\node_modules\\express\\lib\\router\\route.js:112:3)\n    at newFn (C:\\Programing\\git\\Teacher4U-Server\\node_modules\\express-async-errors\\index.js:16:20)\n    at Layer.handle [as handle_request] (C:\\Programing\\git\\Teacher4U-Server\\node_modules\\express\\lib\\router\\layer.js:95:5)',
  level: 'error',
  timestamp: '2019-11-10T23:29:23.255Z' }
{ code: 'EAUTH',
  command: 'API',
  level: 'error',
  timestamp: '2019-11-16T14:00:41.692Z' }
{ message:
   'erroring Error: Missing credentials for "PLAIN" Error: Missing credentials for "PLAIN"\n    at SMTPConnection._formatError (C:\\Programing\\git\\Teacher4U-Server\\node_modules\\nodemailer\\lib\\smtp-connection\\index.js:771:19)\n    at SMTPConnection.login (C:\\Programing\\git\\Teacher4U-Server\\node_modules\\nodemailer\\lib\\smtp-connection\\index.js:442:38)\n    at connection.connect (C:\\Programing\\git\\Teacher4U-Server\\node_modules\\nodemailer\\lib\\smtp-transport\\index.js:271:32)\n    at SMTPConnection.once (C:\\Programing\\git\\Teacher4U-Server\\node_modules\\nodemailer\\lib\\smtp-connection\\index.js:209:17)\n    at Object.onceWrapper (events.js:277:13)\n    at SMTPConnection.emit (events.js:189:13)\n    at SMTPConnection._actionEHLO (C:\\Programing\\git\\Teacher4U-Server\\node_modules\\nodemailer\\lib\\smtp-connection\\index.js:1298:14)\n    at SMTPConnection._processResponse (C:\\Programing\\git\\Teacher4U-Server\\node_modules\\nodemailer\\lib\\smtp-connection\\index.js:929:20)\n    at SMTPConnection._onData (C:\\Programing\\git\\Teacher4U-Server\\node_modules\\nodemailer\\lib\\smtp-connection\\index.js:736:14)\n    at TLSSocket.SMTPConnection._onSocketData.chunk (C:\\Programing\\git\\Teacher4U-Server\\node_modules\\nodemailer\\lib\\smtp-connection\\index.js:189:44)\n    at TLSSocket.emit (events.js:189:13)\n    at addChunk (_stream_readable.js:284:12)\n    at readableAddChunk (_stream_readable.js:265:11)\n    at TLSSocket.Readable.push (_stream_readable.js:220:10)\n    at TLSWrap.onStreamRead [as onread] (internal/stream_base_commons.js:94:17)',
  level: 'error',
  timestamp: '2019-11-16T14:02:01.570Z' }
{ message:
   'erroring Error: No recipients defined Error: No recipients defined\n    at SMTPConnection._formatError (C:\\Programing\\git\\Teacher4U-Server\\node_modules\\nodemailer\\lib\\smtp-connection\\index.js:771:19)\n    at SMTPConnection._setEnvelope (C:\\Programing\\git\\Teacher4U-Server\\node_modules\\nodemailer\\lib\\smtp-connection\\index.js:982:34)\n    at SMTPConnection.send (C:\\Programing\\git\\Teacher4U-Server\\node_modules\\nodemailer\\lib\\smtp-connection\\index.js:609:14)\n    at sendMessage (C:\\Programing\\git\\Teacher4U-Server\\node_modules\\nodemailer\\lib\\smtp-transport\\index.js:227:28)\n    at connection.login.err (C:\\Programing\\git\\Teacher4U-Server\\node_modules\\nodemailer\\lib\\smtp-transport\\index.js:285:25)\n    at SMTPConnection._actionAUTHComplete (C:\\Programing\\git\\Teacher4U-Server\\node_modules\\nodemailer\\lib\\smtp-connection\\index.js:1519:9)\n    at SMTPConnection._responseActions.push.str (C:\\Programing\\git\\Teacher4U-Server\\node_modules\\nodemailer\\lib\\smtp-connection\\index.js:544:26)\n    at SMTPConnection._processResponse (C:\\Programing\\git\\Teacher4U-Server\\node_modules\\nodemailer\\lib\\smtp-connection\\index.js:929:20)\n    at SMTPConnection._onData (C:\\Programing\\git\\Teacher4U-Server\\node_modules\\nodemailer\\lib\\smtp-connection\\index.js:736:14)\n    at TLSSocket.SMTPConnection._onSocketData.chunk (C:\\Programing\\git\\Teacher4U-Server\\node_modules\\nodemailer\\lib\\smtp-connection\\index.js:189:44)\n    at TLSSocket.emit (events.js:189:13)\n    at addChunk (_stream_readable.js:284:12)\n    at readableAddChunk (_stream_readable.js:265:11)\n    at TLSSocket.Readable.push (_stream_readable.js:220:10)\n    at TLSWrap.onStreamRead [as onread] (internal/stream_base_commons.js:94:17)',
  level: 'error',
  timestamp: '2019-11-16T14:03:10.525Z' }
{ message:
   'erroring Error: No recipients defined Error: No recipients defined\n    at SMTPConnection._formatError (C:\\Programing\\git\\Teacher4U-Server\\node_modules\\nodemailer\\lib\\smtp-connection\\index.js:771:19)\n    at SMTPConnection._setEnvelope (C:\\Programing\\git\\Teacher4U-Server\\node_modules\\nodemailer\\lib\\smtp-connection\\index.js:982:34)\n    at SMTPConnection.send (C:\\Programing\\git\\Teacher4U-Server\\node_modules\\nodemailer\\lib\\smtp-connection\\index.js:609:14)\n    at sendMessage (C:\\Programing\\git\\Teacher4U-Server\\node_modules\\nodemailer\\lib\\smtp-transport\\index.js:227:28)\n    at connection.login.err (C:\\Programing\\git\\Teacher4U-Server\\node_modules\\nodemailer\\lib\\smtp-transport\\index.js:285:25)\n    at SMTPConnection._actionAUTHComplete (C:\\Programing\\git\\Teacher4U-Server\\node_modules\\nodemailer\\lib\\smtp-connection\\index.js:1519:9)\n    at SMTPConnection._responseActions.push.str (C:\\Programing\\git\\Teacher4U-Server\\node_modules\\nodemailer\\lib\\smtp-connection\\index.js:544:26)\n    at SMTPConnection._processResponse (C:\\Programing\\git\\Teacher4U-Server\\node_modules\\nodemailer\\lib\\smtp-connection\\index.js:929:20)\n    at SMTPConnection._onData (C:\\Programing\\git\\Teacher4U-Server\\node_modules\\nodemailer\\lib\\smtp-connection\\index.js:736:14)\n    at TLSSocket.SMTPConnection._onSocketData.chunk (C:\\Programing\\git\\Teacher4U-Server\\node_modules\\nodemailer\\lib\\smtp-connection\\index.js:189:44)\n    at TLSSocket.emit (events.js:189:13)\n    at addChunk (_stream_readable.js:284:12)\n    at readableAddChunk (_stream_readable.js:265:11)\n    at TLSSocket.Readable.push (_stream_readable.js:220:10)\n    at TLSWrap.onStreamRead [as onread] (internal/stream_base_commons.js:94:17)',
  level: 'error',
  timestamp: '2019-11-16T14:04:14.931Z' }
{ message:
   'erroring Error: No recipients defined Error: No recipients defined\n    at SMTPConnection._formatError (C:\\Programing\\git\\Teacher4U-Server\\node_modules\\nodemailer\\lib\\smtp-connection\\index.js:771:19)\n    at SMTPConnection._setEnvelope (C:\\Programing\\git\\Teacher4U-Server\\node_modules\\nodemailer\\lib\\smtp-connection\\index.js:982:34)\n    at SMTPConnection.send (C:\\Programing\\git\\Teacher4U-Server\\node_modules\\nodemailer\\lib\\smtp-connection\\index.js:609:14)\n    at sendMessage (C:\\Programing\\git\\Teacher4U-Server\\node_modules\\nodemailer\\lib\\smtp-transport\\index.js:227:28)\n    at connection.login.err (C:\\Programing\\git\\Teacher4U-Server\\node_modules\\nodemailer\\lib\\smtp-transport\\index.js:285:25)\n    at SMTPConnection._actionAUTHComplete (C:\\Programing\\git\\Teacher4U-Server\\node_modules\\nodemailer\\lib\\smtp-connection\\index.js:1519:9)\n    at SMTPConnection._responseActions.push.str (C:\\Programing\\git\\Teacher4U-Server\\node_modules\\nodemailer\\lib\\smtp-connection\\index.js:544:26)\n    at SMTPConnection._processResponse (C:\\Programing\\git\\Teacher4U-Server\\node_modules\\nodemailer\\lib\\smtp-connection\\index.js:929:20)\n    at SMTPConnection._onData (C:\\Programing\\git\\Teacher4U-Server\\node_modules\\nodemailer\\lib\\smtp-connection\\index.js:736:14)\n    at TLSSocket.SMTPConnection._onSocketData.chunk (C:\\Programing\\git\\Teacher4U-Server\\node_modules\\nodemailer\\lib\\smtp-connection\\index.js:189:44)\n    at TLSSocket.emit (events.js:189:13)\n    at addChunk (_stream_readable.js:284:12)\n    at readableAddChunk (_stream_readable.js:265:11)\n    at TLSSocket.Readable.push (_stream_readable.js:220:10)\n    at TLSWrap.onStreamRead [as onread] (internal/stream_base_commons.js:94:17)',
  level: 'error',
  timestamp: '2019-11-16T14:05:52.443Z' }
{ message:
   'erroring Error: No recipients defined Error: No recipients defined\n    at SMTPConnection._formatError (C:\\Programing\\git\\Teacher4U-Server\\node_modules\\nodemailer\\lib\\smtp-connection\\index.js:771:19)\n    at SMTPConnection._setEnvelope (C:\\Programing\\git\\Teacher4U-Server\\node_modules\\nodemailer\\lib\\smtp-connection\\index.js:982:34)\n    at SMTPConnection.send (C:\\Programing\\git\\Teacher4U-Server\\node_modules\\nodemailer\\lib\\smtp-connection\\index.js:609:14)\n    at sendMessage (C:\\Programing\\git\\Teacher4U-Server\\node_modules\\nodemailer\\lib\\smtp-transport\\index.js:227:28)\n    at connection.login.err (C:\\Programing\\git\\Teacher4U-Server\\node_modules\\nodemailer\\lib\\smtp-transport\\index.js:285:25)\n    at SMTPConnection._actionAUTHComplete (C:\\Programing\\git\\Teacher4U-Server\\node_modules\\nodemailer\\lib\\smtp-connection\\index.js:1519:9)\n    at SMTPConnection._responseActions.push.str (C:\\Programing\\git\\Teacher4U-Server\\node_modules\\nodemailer\\lib\\smtp-connection\\index.js:544:26)\n    at SMTPConnection._processResponse (C:\\Programing\\git\\Teacher4U-Server\\node_modules\\nodemailer\\lib\\smtp-connection\\index.js:929:20)\n    at SMTPConnection._onData (C:\\Programing\\git\\Teacher4U-Server\\node_modules\\nodemailer\\lib\\smtp-connection\\index.js:736:14)\n    at TLSSocket.SMTPConnection._onSocketData.chunk (C:\\Programing\\git\\Teacher4U-Server\\node_modules\\nodemailer\\lib\\smtp-connection\\index.js:189:44)\n    at TLSSocket.emit (events.js:189:13)\n    at addChunk (_stream_readable.js:284:12)\n    at readableAddChunk (_stream_readable.js:265:11)\n    at TLSSocket.Readable.push (_stream_readable.js:220:10)\n    at TLSWrap.onStreamRead [as onread] (internal/stream_base_commons.js:94:17)',
  level: 'error',
  timestamp: '2019-11-16T14:06:31.723Z' }
{ message:
   'erroring Error: No recipients defined Error: No recipients defined\n    at SMTPConnection._formatError (C:\\Programing\\git\\Teacher4U-Server\\node_modules\\nodemailer\\lib\\smtp-connection\\index.js:771:19)\n    at SMTPConnection._setEnvelope (C:\\Programing\\git\\Teacher4U-Server\\node_modules\\nodemailer\\lib\\smtp-connection\\index.js:982:34)\n    at SMTPConnection.send (C:\\Programing\\git\\Teacher4U-Server\\node_modules\\nodemailer\\lib\\smtp-connection\\index.js:609:14)\n    at sendMessage (C:\\Programing\\git\\Teacher4U-Server\\node_modules\\nodemailer\\lib\\smtp-transport\\index.js:227:28)\n    at connection.login.err (C:\\Programing\\git\\Teacher4U-Server\\node_modules\\nodemailer\\lib\\smtp-transport\\index.js:285:25)\n    at SMTPConnection._actionAUTHComplete (C:\\Programing\\git\\Teacher4U-Server\\node_modules\\nodemailer\\lib\\smtp-connection\\index.js:1519:9)\n    at SMTPConnection._responseActions.push.str (C:\\Programing\\git\\Teacher4U-Server\\node_modules\\nodemailer\\lib\\smtp-connection\\index.js:544:26)\n    at SMTPConnection._processResponse (C:\\Programing\\git\\Teacher4U-Server\\node_modules\\nodemailer\\lib\\smtp-connection\\index.js:929:20)\n    at SMTPConnection._onData (C:\\Programing\\git\\Teacher4U-Server\\node_modules\\nodemailer\\lib\\smtp-connection\\index.js:736:14)\n    at TLSSocket.SMTPConnection._onSocketData.chunk (C:\\Programing\\git\\Teacher4U-Server\\node_modules\\nodemailer\\lib\\smtp-connection\\index.js:189:44)\n    at TLSSocket.emit (events.js:189:13)\n    at addChunk (_stream_readable.js:284:12)\n    at readableAddChunk (_stream_readable.js:265:11)\n    at TLSSocket.Readable.push (_stream_readable.js:220:10)\n    at TLSWrap.onStreamRead [as onread] (internal/stream_base_commons.js:94:17)',
  level: 'error',
  timestamp: '2019-11-16T14:07:23.018Z' }
{ message:
   'erroring Error: No recipients defined Error: No recipients defined\n    at SMTPConnection._formatError (C:\\Programing\\git\\Teacher4U-Server\\node_modules\\nodemailer\\lib\\smtp-connection\\index.js:771:19)\n    at SMTPConnection._setEnvelope (C:\\Programing\\git\\Teacher4U-Server\\node_modules\\nodemailer\\lib\\smtp-connection\\index.js:982:34)\n    at SMTPConnection.send (C:\\Programing\\git\\Teacher4U-Server\\node_modules\\nodemailer\\lib\\smtp-connection\\index.js:609:14)\n    at sendMessage (C:\\Programing\\git\\Teacher4U-Server\\node_modules\\nodemailer\\lib\\smtp-transport\\index.js:227:28)\n    at connection.login.err (C:\\Programing\\git\\Teacher4U-Server\\node_modules\\nodemailer\\lib\\smtp-transport\\index.js:285:25)\n    at SMTPConnection._actionAUTHComplete (C:\\Programing\\git\\Teacher4U-Server\\node_modules\\nodemailer\\lib\\smtp-connection\\index.js:1519:9)\n    at SMTPConnection._responseActions.push.str (C:\\Programing\\git\\Teacher4U-Server\\node_modules\\nodemailer\\lib\\smtp-connection\\index.js:544:26)\n    at SMTPConnection._processResponse (C:\\Programing\\git\\Teacher4U-Server\\node_modules\\nodemailer\\lib\\smtp-connection\\index.js:929:20)\n    at SMTPConnection._onData (C:\\Programing\\git\\Teacher4U-Server\\node_modules\\nodemailer\\lib\\smtp-connection\\index.js:736:14)\n    at TLSSocket.SMTPConnection._onSocketData.chunk (C:\\Programing\\git\\Teacher4U-Server\\node_modules\\nodemailer\\lib\\smtp-connection\\index.js:189:44)\n    at TLSSocket.emit (events.js:189:13)\n    at addChunk (_stream_readable.js:284:12)\n    at readableAddChunk (_stream_readable.js:265:11)\n    at TLSSocket.Readable.push (_stream_readable.js:220:10)\n    at TLSWrap.onStreamRead [as onread] (internal/stream_base_commons.js:94:17)',
  level: 'error',
  timestamp: '2019-11-16T14:09:07.010Z' }
{ message:
   'erroring Error: No recipients defined Error: No recipients defined\n    at SMTPConnection._formatError (C:\\Programing\\git\\Teacher4U-Server\\node_modules\\nodemailer\\lib\\smtp-connection\\index.js:771:19)\n    at SMTPConnection._setEnvelope (C:\\Programing\\git\\Teacher4U-Server\\node_modules\\nodemailer\\lib\\smtp-connection\\index.js:982:34)\n    at SMTPConnection.send (C:\\Programing\\git\\Teacher4U-Server\\node_modules\\nodemailer\\lib\\smtp-connection\\index.js:609:14)\n    at sendMessage (C:\\Programing\\git\\Teacher4U-Server\\node_modules\\nodemailer\\lib\\smtp-transport\\index.js:227:28)\n    at connection.login.err (C:\\Programing\\git\\Teacher4U-Server\\node_modules\\nodemailer\\lib\\smtp-transport\\index.js:285:25)\n    at SMTPConnection._actionAUTHComplete (C:\\Programing\\git\\Teacher4U-Server\\node_modules\\nodemailer\\lib\\smtp-connection\\index.js:1519:9)\n    at SMTPConnection._responseActions.push.str (C:\\Programing\\git\\Teacher4U-Server\\node_modules\\nodemailer\\lib\\smtp-connection\\index.js:544:26)\n    at SMTPConnection._processResponse (C:\\Programing\\git\\Teacher4U-Server\\node_modules\\nodemailer\\lib\\smtp-connection\\index.js:929:20)\n    at SMTPConnection._onData (C:\\Programing\\git\\Teacher4U-Server\\node_modules\\nodemailer\\lib\\smtp-connection\\index.js:736:14)\n    at TLSSocket.SMTPConnection._onSocketData.chunk (C:\\Programing\\git\\Teacher4U-Server\\node_modules\\nodemailer\\lib\\smtp-connection\\index.js:189:44)\n    at TLSSocket.emit (events.js:189:13)\n    at addChunk (_stream_readable.js:284:12)\n    at readableAddChunk (_stream_readable.js:265:11)\n    at TLSSocket.Readable.push (_stream_readable.js:220:10)\n    at TLSWrap.onStreamRead [as onread] (internal/stream_base_commons.js:94:17)',
  level: 'error',
  timestamp: '2019-11-16T14:09:32.223Z' }
{ message:
   'erroring Error: No recipients defined Error: No recipients defined\n    at SMTPConnection._formatError (C:\\Programing\\git\\Teacher4U-Server\\node_modules\\nodemailer\\lib\\smtp-connection\\index.js:771:19)\n    at SMTPConnection._setEnvelope (C:\\Programing\\git\\Teacher4U-Server\\node_modules\\nodemailer\\lib\\smtp-connection\\index.js:982:34)\n    at SMTPConnection.send (C:\\Programing\\git\\Teacher4U-Server\\node_modules\\nodemailer\\lib\\smtp-connection\\index.js:609:14)\n    at sendMessage (C:\\Programing\\git\\Teacher4U-Server\\node_modules\\nodemailer\\lib\\smtp-transport\\index.js:227:28)\n    at connection.login.err (C:\\Programing\\git\\Teacher4U-Server\\node_modules\\nodemailer\\lib\\smtp-transport\\index.js:285:25)\n    at SMTPConnection._actionAUTHComplete (C:\\Programing\\git\\Teacher4U-Server\\node_modules\\nodemailer\\lib\\smtp-connection\\index.js:1519:9)\n    at SMTPConnection._responseActions.push.str (C:\\Programing\\git\\Teacher4U-Server\\node_modules\\nodemailer\\lib\\smtp-connection\\index.js:544:26)\n    at SMTPConnection._processResponse (C:\\Programing\\git\\Teacher4U-Server\\node_modules\\nodemailer\\lib\\smtp-connection\\index.js:929:20)\n    at SMTPConnection._onData (C:\\Programing\\git\\Teacher4U-Server\\node_modules\\nodemailer\\lib\\smtp-connection\\index.js:736:14)\n    at TLSSocket.SMTPConnection._onSocketData.chunk (C:\\Programing\\git\\Teacher4U-Server\\node_modules\\nodemailer\\lib\\smtp-connection\\index.js:189:44)\n    at TLSSocket.emit (events.js:189:13)\n    at addChunk (_stream_readable.js:284:12)\n    at readableAddChunk (_stream_readable.js:265:11)\n    at TLSSocket.Readable.push (_stream_readable.js:220:10)\n    at TLSWrap.onStreamRead [as onread] (internal/stream_base_commons.js:94:17)',
  level: 'error',
  timestamp: '2019-11-16T14:10:02.330Z' }
{ message:
   'erroring Error: No recipients defined Error: No recipients defined\n    at SMTPConnection._formatError (C:\\Programing\\git\\Teacher4U-Server\\node_modules\\nodemailer\\lib\\smtp-connection\\index.js:771:19)\n    at SMTPConnection._setEnvelope (C:\\Programing\\git\\Teacher4U-Server\\node_modules\\nodemailer\\lib\\smtp-connection\\index.js:982:34)\n    at SMTPConnection.send (C:\\Programing\\git\\Teacher4U-Server\\node_modules\\nodemailer\\lib\\smtp-connection\\index.js:609:14)\n    at sendMessage (C:\\Programing\\git\\Teacher4U-Server\\node_modules\\nodemailer\\lib\\smtp-transport\\index.js:227:28)\n    at connection.login.err (C:\\Programing\\git\\Teacher4U-Server\\node_modules\\nodemailer\\lib\\smtp-transport\\index.js:285:25)\n    at SMTPConnection._actionAUTHComplete (C:\\Programing\\git\\Teacher4U-Server\\node_modules\\nodemailer\\lib\\smtp-connection\\index.js:1519:9)\n    at SMTPConnection._responseActions.push.str (C:\\Programing\\git\\Teacher4U-Server\\node_modules\\nodemailer\\lib\\smtp-connection\\index.js:544:26)\n    at SMTPConnection._processResponse (C:\\Programing\\git\\Teacher4U-Server\\node_modules\\nodemailer\\lib\\smtp-connection\\index.js:929:20)\n    at SMTPConnection._onData (C:\\Programing\\git\\Teacher4U-Server\\node_modules\\nodemailer\\lib\\smtp-connection\\index.js:736:14)\n    at TLSSocket.SMTPConnection._onSocketData.chunk (C:\\Programing\\git\\Teacher4U-Server\\node_modules\\nodemailer\\lib\\smtp-connection\\index.js:189:44)\n    at TLSSocket.emit (events.js:189:13)\n    at addChunk (_stream_readable.js:284:12)\n    at readableAddChunk (_stream_readable.js:265:11)\n    at TLSSocket.Readable.push (_stream_readable.js:220:10)\n    at TLSWrap.onStreamRead [as onread] (internal/stream_base_commons.js:94:17)',
  level: 'error',
  timestamp: '2019-11-16T14:10:40.594Z' }
{ message:
   'erroring Error: No recipients defined Error: No recipients defined\n    at SMTPConnection._formatError (C:\\Programing\\git\\Teacher4U-Server\\node_modules\\nodemailer\\lib\\smtp-connection\\index.js:771:19)\n    at SMTPConnection._setEnvelope (C:\\Programing\\git\\Teacher4U-Server\\node_modules\\nodemailer\\lib\\smtp-connection\\index.js:982:34)\n    at SMTPConnection.send (C:\\Programing\\git\\Teacher4U-Server\\node_modules\\nodemailer\\lib\\smtp-connection\\index.js:609:14)\n    at sendMessage (C:\\Programing\\git\\Teacher4U-Server\\node_modules\\nodemailer\\lib\\smtp-transport\\index.js:227:28)\n    at connection.login.err (C:\\Programing\\git\\Teacher4U-Server\\node_modules\\nodemailer\\lib\\smtp-transport\\index.js:285:25)\n    at SMTPConnection._actionAUTHComplete (C:\\Programing\\git\\Teacher4U-Server\\node_modules\\nodemailer\\lib\\smtp-connection\\index.js:1519:9)\n    at SMTPConnection._responseActions.push.str (C:\\Programing\\git\\Teacher4U-Server\\node_modules\\nodemailer\\lib\\smtp-connection\\index.js:544:26)\n    at SMTPConnection._processResponse (C:\\Programing\\git\\Teacher4U-Server\\node_modules\\nodemailer\\lib\\smtp-connection\\index.js:929:20)\n    at SMTPConnection._onData (C:\\Programing\\git\\Teacher4U-Server\\node_modules\\nodemailer\\lib\\smtp-connection\\index.js:736:14)\n    at TLSSocket.SMTPConnection._onSocketData.chunk (C:\\Programing\\git\\Teacher4U-Server\\node_modules\\nodemailer\\lib\\smtp-connection\\index.js:189:44)\n    at TLSSocket.emit (events.js:189:13)\n    at addChunk (_stream_readable.js:284:12)\n    at readableAddChunk (_stream_readable.js:265:11)\n    at TLSSocket.Readable.push (_stream_readable.js:220:10)\n    at TLSWrap.onStreamRead [as onread] (internal/stream_base_commons.js:94:17)',
  level: 'error',
  timestamp: '2019-11-16T14:11:54.064Z' }
